# JRE version: Java(TM) SE Runtime Environment (8.0_201-b09) (build 1.8.0_201-b09)
# Java VM: Java HotSpot(TM) 64-Bit Server VM (25.201-b09 mixed mode windows-amd64 compressed oops)
Heap:
 PSYoungGen      total 395776K, used 127038K [0x00000000d5f00000, 0x00000000efc80000, 0x0000000100000000)
  eden space 382976K, 29% used [0x00000000d5f00000,0x00000000dcec2ae0,0x00000000ed500000)
  from space 12800K, 98% used [0x00000000ef000000,0x00000000efc4cf68,0x00000000efc80000)
  to   space 17920K, 0% used [0x00000000ed980000,0x00000000ed980000,0x00000000eeb00000)
 ParOldGen       total 111104K, used 34098K [0x0000000081c00000, 0x0000000088880000, 0x00000000d5f00000)
  object space 111104K, 30% used [0x0000000081c00000,0x0000000083d4cbd0,0x0000000088880000)
 Metaspace       used 65610K, capacity 68188K, committed 68480K, reserved 1107968K
  class space    used 8762K, capacity 9227K, committed 9344K, reserved 1048576K
GC Heap History (10 events):
Event: 25.347 GC heap before
{Heap before GC invocations=11 (full 2):
 PSYoungGen      total 220672K, used 10217K [0x00000000d5f00000, 0x00000000ea500000, 0x0000000100000000)
  eden space 206336K, 0% used [0x00000000d5f00000,0x00000000d5f00000,0x00000000e2880000)
  from space 14336K, 71% used [0x00000000e2880000,0x00000000e327a718,0x00000000e3680000)
  to   space 14848K, 0% used [0x00000000e9680000,0x00000000e9680000,0x00000000ea500000)
 ParOldGen       total 53760K, used 13059K [0x0000000081c00000, 0x0000000085080000, 0x00000000d5f00000)
  object space 53760K, 24% used [0x0000000081c00000,0x00000000828c0f68,0x0000000085080000)
 Metaspace       used 34197K, capacity 35388K, committed 35456K, reserved 1079296K
  class space    used 4465K, capacity 4715K, committed 4736K, reserved 1048576K
Event: 25.515 GC heap after
Heap after GC invocations=11 (full 2):
 PSYoungGen      total 220672K, used 0K [0x00000000d5f00000, 0x00000000ea500000, 0x0000000100000000)
  eden space 206336K, 0% used [0x00000000d5f00000,0x00000000d5f00000,0x00000000e2880000)
  from space 14336K, 0% used [0x00000000e2880000,0x00000000e2880000,0x00000000e3680000)
  to   space 14848K, 0% used [0x00000000e9680000,0x00000000e9680000,0x00000000ea500000)
 ParOldGen       total 75264K, used 17482K [0x0000000081c00000, 0x0000000086580000, 0x00000000d5f00000)
  object space 75264K, 23% used [0x0000000081c00000,0x0000000082d12948,0x0000000086580000)
 Metaspace       used 34197K, capacity 35388K, committed 35456K, reserved 1079296K
  class space    used 4465K, capacity 4715K, committed 4736K, reserved 1048576K
}
Event: 36.041 GC heap before
{Heap before GC invocations=12 (full 2):
 PSYoungGen      total 220672K, used 206336K [0x00000000d5f00000, 0x00000000ea500000, 0x0000000100000000)
  eden space 206336K, 100% used [0x00000000d5f00000,0x00000000e2880000,0x00000000e2880000)
  from space 14336K, 0% used [0x00000000e2880000,0x00000000e2880000,0x00000000e3680000)
  to   space 14848K, 0% used [0x00000000e9680000,0x00000000e9680000,0x00000000ea500000)
 ParOldGen       total 75264K, used 17482K [0x0000000081c00000, 0x0000000086580000, 0x00000000d5f00000)
  object space 75264K, 23% used [0x0000000081c00000,0x0000000082d12948,0x0000000086580000)
 Metaspace       used 47967K, capacity 49360K, committed 49792K, reserved 1091584K
  class space    used 6383K, capacity 6679K, committed 6784K, reserved 1048576K
Event: 36.098 GC heap after
Heap after GC invocations=12 (full 2):
 PSYoungGen      total 302080K, used 14833K [0x00000000d5f00000, 0x00000000ea500000, 0x0000000100000000)
  eden space 287232K, 0% used [0x00000000d5f00000,0x00000000d5f00000,0x00000000e7780000)
  from space 14848K, 99% used [0x00000000e9680000,0x00000000ea4fc4d0,0x00000000ea500000)
  to   space 16896K, 0% used [0x00000000e8400000,0x00000000e8400000,0x00000000e9480000)
 ParOldGen       total 75264K, used 18190K [0x0000000081c00000, 0x0000000086580000, 0x00000000d5f00000)
  object space 75264K, 24% used [0x0000000081c00000,0x0000000082dc3850,0x0000000086580000)
 Metaspace       used 47967K, capacity 49360K, committed 49792K, reserved 1091584K
  class space    used 6383K, capacity 6679K, committed 6784K, reserved 1048576K
}
Event: 56.088 GC heap before
{Heap before GC invocations=13 (full 2):
 PSYoungGen      total 302080K, used 263867K [0x00000000d5f00000, 0x00000000ea500000, 0x0000000100000000)
  eden space 287232K, 86% used [0x00000000d5f00000,0x00000000e5232880,0x00000000e7780000)
  from space 14848K, 99% used [0x00000000e9680000,0x00000000ea4fc4d0,0x00000000ea500000)
  to   space 16896K, 0% used [0x00000000e8400000,0x00000000e8400000,0x00000000e9480000)
 ParOldGen       total 75264K, used 18190K [0x0000000081c00000, 0x0000000086580000, 0x00000000d5f00000)
  object space 75264K, 24% used [0x0000000081c00000,0x0000000082dc3850,0x0000000086580000)
 Metaspace       used 57003K, capacity 58952K, committed 59096K, reserved 1099776K
  class space    used 7576K, capacity 7945K, committed 8064K, reserved 1048576K
Event: 56.226 GC heap after
Heap after GC invocations=13 (full 2):
 PSYoungGen      total 316928K, used 12293K [0x00000000d5f00000, 0x00000000f0100000, 0x0000000100000000)
  eden space 300032K, 0% used [0x00000000d5f00000,0x00000000d5f00000,0x00000000e8400000)
  from space 16896K, 72% used [0x00000000e8400000,0x00000000e90015a0,0x00000000e9480000)
  to   space 17408K, 0% used [0x00000000ef000000,0x00000000ef000000,0x00000000f0100000)
 ParOldGen       total 75264K, used 23843K [0x0000000081c00000, 0x0000000086580000, 0x00000000d5f00000)
  object space 75264K, 31% used [0x0000000081c00000,0x0000000083348dc0,0x0000000086580000)
 Metaspace       used 57003K, capacity 58952K, committed 59096K, reserved 1099776K
  class space    used 7576K, capacity 7945K, committed 8064K, reserved 1048576K
}
Event: 56.226 GC heap before
{Heap before GC invocations=14 (full 3):
 PSYoungGen      total 316928K, used 12293K [0x00000000d5f00000, 0x00000000f0100000, 0x0000000100000000)
  eden space 300032K, 0% used [0x00000000d5f00000,0x00000000d5f00000,0x00000000e8400000)
  from space 16896K, 72% used [0x00000000e8400000,0x00000000e90015a0,0x00000000e9480000)
  to   space 17408K, 0% used [0x00000000ef000000,0x00000000ef000000,0x00000000f0100000)
 ParOldGen       total 75264K, used 23843K [0x0000000081c00000, 0x0000000086580000, 0x00000000d5f00000)
  object space 75264K, 31% used [0x0000000081c00000,0x0000000083348dc0,0x0000000086580000)
 Metaspace       used 57003K, capacity 58952K, committed 59096K, reserved 1099776K
  class space    used 7576K, capacity 7945K, committed 8064K, reserved 1048576K
Event: 57.296 GC heap after
Heap after GC invocations=14 (full 3):
 PSYoungGen      total 316928K, used 0K [0x00000000d5f00000, 0x00000000f0100000, 0x0000000100000000)
  eden space 300032K, 0% used [0x00000000d5f00000,0x00000000d5f00000,0x00000000e8400000)
  from space 16896K, 0% used [0x00000000e8400000,0x00000000e8400000,0x00000000e9480000)
  to   space 17408K, 0% used [0x00000000ef000000,0x00000000ef000000,0x00000000f0100000)
 ParOldGen       total 111104K, used 34090K [0x0000000081c00000, 0x0000000088880000, 0x00000000d5f00000)
  object space 111104K, 30% used [0x0000000081c00000,0x0000000083d4abd0,0x0000000088880000)
 Metaspace       used 57003K, capacity 58952K, committed 59096K, reserved 1099776K
  class space    used 7576K, capacity 7945K, committed 8064K, reserved 1048576K
}
Event: 80.681 GC heap before
{Heap before GC invocations=15 (full 3):
 PSYoungGen      total 316928K, used 300032K [0x00000000d5f00000, 0x00000000f0100000, 0x0000000100000000)
  eden space 300032K, 100% used [0x00000000d5f00000,0x00000000e8400000,0x00000000e8400000)
  from space 16896K, 0% used [0x00000000e8400000,0x00000000e8400000,0x00000000e9480000)
  to   space 17408K, 0% used [0x00000000ef000000,0x00000000ef000000,0x00000000f0100000)
 ParOldGen       total 111104K, used 34090K [0x0000000081c00000, 0x0000000088880000, 0x00000000d5f00000)
  object space 111104K, 30% used [0x0000000081c00000,0x0000000083d4abd0,0x0000000088880000)
 Metaspace       used 63975K, capacity 66278K, committed 66560K, reserved 1107968K
  class space    used 8519K, capacity 8916K, committed 8960K, reserved 1048576K
Event: 81.042 GC heap after
Heap after GC invocations=15 (full 3):
 PSYoungGen      total 395776K, used 12595K [0x00000000d5f00000, 0x00000000efc80000, 0x0000000100000000)
  eden space 382976K, 0% used [0x00000000d5f00000,0x00000000d5f00000,0x00000000ed500000)
  from space 12800K, 98% used [0x00000000ef000000,0x00000000efc4cf68,0x00000000efc80000)
  to   space 17920K, 0% used [0x00000000ed980000,0x00000000ed980000,0x00000000eeb00000)
 ParOldGen       total 111104K, used 34098K [0x0000000081c00000, 0x0000000088880000, 0x00000000d5f00000)
  object space 111104K, 30% used [0x0000000081c00000,0x0000000083d4cbd0,0x0000000088880000)
 Metaspace       used 63975K, capacity 66278K, committed 66560K, reserved 1107968K
  class space    used 8519K, capacity 8916K, committed 8960K, reserved 1048576K
}

